----------
1 : 90.0 = (200, 0)
2 : 180.0 = (0, -200)
3 : 270.0 = (-200, 0)
4 : 360.0 = (0, 200)
----------
1 : 30.0 = (100, 173)
2 : 60.0 = (173, 100)
3 : 90.0 = (200, 0)
4 : 120.0 = (173, -100)
5 : 150.0 = (100, -173)
6 : 180.0 = (0, -200)
7 : 210.0 = (-100, -173)
8 : 240.0 = (-173, -100)
9 : 270.0 = (-200, 0)
10 : 300.0 = (-173, 100)
11 : 330.0 = (-100, 173)
12 : 360.0 = (0, 200)
----------
1 : 6.0 = (21, 199)
2 : 12.0 = (42, 196)
3 : 18.0 = (62, 190)
4 : 24.0 = (81, 183)
5 : 30.0 = (100, 173)
6 : 36.0 = (118, 162)
7 : 42.0 = (134, 149)
8 : 48.0 = (149, 134)
9 : 54.0 = (162, 118)
10 : 60.0 = (173, 100)
11 : 66.0 = (183, 81)
12 : 72.0 = (190, 62)
13 : 78.0 = (196, 42)
14 : 84.0 = (199, 21)
15 : 90.0 = (200, 0)
16 : 96.0 = (199, -21)
17 : 102.0 = (196, -42)
18 : 108.0 = (190, -62)
19 : 114.0 = (183, -81)
20 : 120.0 = (173, -100)
21 : 126.0 = (162, -118)
22 : 132.0 = (149, -134)
23 : 138.0 = (134, -149)
24 : 144.0 = (118, -162)
25 : 150.0 = (100, -173)
26 : 156.0 = (81, -183)
27 : 162.0 = (62, -190)
28 : 168.0 = (42, -196)
29 : 174.0 = (21, -199)
30 : 180.0 = (0, -200)
31 : 186.0 = (-21, -199)
32 : 192.0 = (-42, -196)
33 : 198.0 = (-62, -190)
34 : 204.0 = (-81, -183)
35 : 210.0 = (-100, -173)
36 : 216.0 = (-118, -162)
37 : 222.0 = (-134, -149)
38 : 228.0 = (-149, -134)
39 : 234.0 = (-162, -118)
40 : 240.0 = (-173, -100)
41 : 246.0 = (-183, -81)
42 : 252.0 = (-190, -62)
43 : 258.0 = (-196, -42)
44 : 264.0 = (-199, -21)
45 : 270.0 = (-200, 0)
46 : 276.0 = (-199, 21)
47 : 282.0 = (-196, 42)
48 : 288.0 = (-190, 62)
49 : 294.0 = (-183, 81)
50 : 300.0 = (-173, 100)
51 : 306.0 = (-162, 118)
52 : 312.0 = (-149, 134)
53 : 318.0 = (-134, 149)
54 : 324.0 = (-118, 162)
55 : 330.0 = (-100, 173)
56 : 336.0 = (-81, 183)
57 : 342.0 = (-62, 190)
58 : 348.0 = (-42, 196)
59 : 354.0 = (-21, 199)
60 : 360.0 = (0, 200)
----------
1 : 1.0 = (3, 200)
2 : 2.0 = (7, 200)
3 : 3.0 = (10, 200)
4 : 4.0 = (14, 200)
5 : 5.0 = (17, 199)
6 : 6.0 = (21, 199)
7 : 7.0 = (24, 199)
8 : 8.0 = (28, 198)
9 : 9.0 = (31, 198)
10 : 10.0 = (35, 197)
11 : 11.0 = (38, 196)
12 : 12.0 = (42, 196)
13 : 13.0 = (45, 195)
14 : 14.0 = (48, 194)
15 : 15.0 = (52, 193)
16 : 16.0 = (55, 192)
17 : 17.0 = (58, 191)
18 : 18.0 = (62, 190)
19 : 19.0 = (65, 189)
20 : 20.0 = (68, 188)
21 : 21.0 = (72, 187)
22 : 22.0 = (75, 185)
23 : 23.0 = (78, 184)
24 : 24.0 = (81, 183)
25 : 25.0 = (85, 181)
26 : 26.0 = (88, 180)
27 : 27.0 = (91, 178)
28 : 28.0 = (94, 177)
29 : 29.0 = (97, 175)
30 : 30.0 = (100, 173)
31 : 31.0 = (103, 171)
32 : 32.0 = (106, 170)
33 : 33.0 = (109, 168)
34 : 34.0 = (112, 166)
35 : 35.0 = (115, 164)
36 : 36.0 = (118, 162)
37 : 37.0 = (120, 160)
38 : 38.0 = (123, 158)
39 : 39.0 = (126, 155)
40 : 40.0 = (129, 153)
41 : 41.0 = (131, 151)
42 : 42.0 = (134, 149)
43 : 43.0 = (136, 146)
44 : 44.0 = (139, 144)
45 : 45.0 = (141, 141)
46 : 46.0 = (144, 139)
47 : 47.0 = (146, 136)
48 : 48.0 = (149, 134)
49 : 49.0 = (151, 131)
50 : 50.0 = (153, 129)
51 : 51.0 = (155, 126)
52 : 52.0 = (158, 123)
53 : 53.0 = (160, 120)
54 : 54.0 = (162, 118)
55 : 55.0 = (164, 115)
56 : 56.0 = (166, 112)
57 : 57.0 = (168, 109)
58 : 58.0 = (170, 106)
59 : 59.0 = (171, 103)
60 : 60.0 = (173, 100)
61 : 61.0 = (175, 97)
62 : 62.0 = (177, 94)
63 : 63.0 = (178, 91)
64 : 64.0 = (180, 88)
65 : 65.0 = (181, 85)
66 : 66.0 = (183, 81)
67 : 67.0 = (184, 78)
68 : 68.0 = (185, 75)
69 : 69.0 = (187, 72)
70 : 70.0 = (188, 68)
71 : 71.0 = (189, 65)
72 : 72.0 = (190, 62)
73 : 73.0 = (191, 58)
74 : 74.0 = (192, 55)
75 : 75.0 = (193, 52)
76 : 76.0 = (194, 48)
77 : 77.0 = (195, 45)
78 : 78.0 = (196, 42)
79 : 79.0 = (196, 38)
80 : 80.0 = (197, 35)
81 : 81.0 = (198, 31)
82 : 82.0 = (198, 28)
83 : 83.0 = (199, 24)
84 : 84.0 = (199, 21)
85 : 85.0 = (199, 17)
86 : 86.0 = (200, 14)
87 : 87.0 = (200, 10)
88 : 88.0 = (200, 7)
89 : 89.0 = (200, 3)
90 : 90.0 = (200, 0)
91 : 91.0 = (200, -3)
92 : 92.0 = (200, -7)
93 : 93.0 = (200, -10)
94 : 94.0 = (200, -14)
95 : 95.0 = (199, -17)
96 : 96.0 = (199, -21)
97 : 97.0 = (199, -24)
98 : 98.0 = (198, -28)
99 : 99.0 = (198, -31)
100 : 100.0 = (197, -35)
101 : 101.0 = (196, -38)
102 : 102.0 = (196, -42)
103 : 103.0 = (195, -45)
104 : 104.0 = (194, -48)
105 : 105.0 = (193, -52)
106 : 106.0 = (192, -55)
107 : 107.0 = (191, -58)
108 : 108.0 = (190, -62)
109 : 109.0 = (189, -65)
110 : 110.0 = (188, -68)
111 : 111.0 = (187, -72)
112 : 112.0 = (185, -75)
113 : 113.0 = (184, -78)
114 : 114.0 = (183, -81)
115 : 115.0 = (181, -85)
116 : 116.0 = (180, -88)
117 : 117.0 = (178, -91)
118 : 118.0 = (177, -94)
119 : 119.0 = (175, -97)
120 : 120.0 = (173, -100)
121 : 121.0 = (171, -103)
122 : 122.0 = (170, -106)
123 : 123.0 = (168, -109)
124 : 124.0 = (166, -112)
125 : 125.0 = (164, -115)
126 : 126.0 = (162, -118)
127 : 127.0 = (160, -120)
128 : 128.0 = (158, -123)
129 : 129.0 = (155, -126)
130 : 130.0 = (153, -129)
131 : 131.0 = (151, -131)
132 : 132.0 = (149, -134)
133 : 133.0 = (146, -136)
134 : 134.0 = (144, -139)
135 : 135.0 = (141, -141)
136 : 136.0 = (139, -144)
137 : 137.0 = (136, -146)
138 : 138.0 = (134, -149)
139 : 139.0 = (131, -151)
140 : 140.0 = (129, -153)
141 : 141.0 = (126, -155)
142 : 142.0 = (123, -158)
143 : 143.0 = (120, -160)
144 : 144.0 = (118, -162)
145 : 145.0 = (115, -164)
146 : 146.0 = (112, -166)
147 : 147.0 = (109, -168)
148 : 148.0 = (106, -170)
149 : 149.0 = (103, -171)
150 : 150.0 = (100, -173)
151 : 151.0 = (97, -175)
152 : 152.0 = (94, -177)
153 : 153.0 = (91, -178)
154 : 154.0 = (88, -180)
155 : 155.0 = (85, -181)
156 : 156.0 = (81, -183)
157 : 157.0 = (78, -184)
158 : 158.0 = (75, -185)
159 : 159.0 = (72, -187)
160 : 160.0 = (68, -188)
161 : 161.0 = (65, -189)
162 : 162.0 = (62, -190)
163 : 163.0 = (58, -191)
164 : 164.0 = (55, -192)
165 : 165.0 = (52, -193)
166 : 166.0 = (48, -194)
167 : 167.0 = (45, -195)
168 : 168.0 = (42, -196)
169 : 169.0 = (38, -196)
170 : 170.0 = (35, -197)
171 : 171.0 = (31, -198)
172 : 172.0 = (28, -198)
173 : 173.0 = (24, -199)
174 : 174.0 = (21, -199)
175 : 175.0 = (17, -199)
176 : 176.0 = (14, -200)
177 : 177.0 = (10, -200)
178 : 178.0 = (7, -200)
179 : 179.0 = (3, -200)
180 : 180.0 = (0, -200)
181 : 181.0 = (-3, -200)
182 : 182.0 = (-7, -200)
183 : 183.0 = (-10, -200)
184 : 184.0 = (-14, -200)
185 : 185.0 = (-17, -199)
186 : 186.0 = (-21, -199)
187 : 187.0 = (-24, -199)
188 : 188.0 = (-28, -198)
189 : 189.0 = (-31, -198)
190 : 190.0 = (-35, -197)
191 : 191.0 = (-38, -196)
192 : 192.0 = (-42, -196)
193 : 193.0 = (-45, -195)
194 : 194.0 = (-48, -194)
195 : 195.0 = (-52, -193)
196 : 196.0 = (-55, -192)
197 : 197.0 = (-58, -191)
198 : 198.0 = (-62, -190)
199 : 199.0 = (-65, -189)
200 : 200.0 = (-68, -188)
201 : 201.0 = (-72, -187)
202 : 202.0 = (-75, -185)
203 : 203.0 = (-78, -184)
204 : 204.0 = (-81, -183)
205 : 205.0 = (-85, -181)
206 : 206.0 = (-88, -180)
207 : 207.0 = (-91, -178)
208 : 208.0 = (-94, -177)
209 : 209.0 = (-97, -175)
210 : 210.0 = (-100, -173)
211 : 211.0 = (-103, -171)
212 : 212.0 = (-106, -170)
213 : 213.0 = (-109, -168)
214 : 214.0 = (-112, -166)
215 : 215.0 = (-115, -164)
216 : 216.0 = (-118, -162)
217 : 217.0 = (-120, -160)
218 : 218.0 = (-123, -158)
219 : 219.0 = (-126, -155)
220 : 220.0 = (-129, -153)
221 : 221.0 = (-131, -151)
222 : 222.0 = (-134, -149)
223 : 223.0 = (-136, -146)
224 : 224.0 = (-139, -144)
225 : 225.0 = (-141, -141)
226 : 226.0 = (-144, -139)
227 : 227.0 = (-146, -136)
228 : 228.0 = (-149, -134)
229 : 229.0 = (-151, -131)
230 : 230.0 = (-153, -129)
231 : 231.0 = (-155, -126)
232 : 232.0 = (-158, -123)
233 : 233.0 = (-160, -120)
234 : 234.0 = (-162, -118)
235 : 235.0 = (-164, -115)
236 : 236.0 = (-166, -112)
237 : 237.0 = (-168, -109)
238 : 238.0 = (-170, -106)
239 : 239.0 = (-171, -103)
240 : 240.0 = (-173, -100)
241 : 241.0 = (-175, -97)
242 : 242.0 = (-177, -94)
243 : 243.0 = (-178, -91)
244 : 244.0 = (-180, -88)
245 : 245.0 = (-181, -85)
246 : 246.0 = (-183, -81)
247 : 247.0 = (-184, -78)
248 : 248.0 = (-185, -75)
249 : 249.0 = (-187, -72)
250 : 250.0 = (-188, -68)
251 : 251.0 = (-189, -65)
252 : 252.0 = (-190, -62)
253 : 253.0 = (-191, -58)
254 : 254.0 = (-192, -55)
255 : 255.0 = (-193, -52)
256 : 256.0 = (-194, -48)
257 : 257.0 = (-195, -45)
258 : 258.0 = (-196, -42)
259 : 259.0 = (-196, -38)
260 : 260.0 = (-197, -35)
261 : 261.0 = (-198, -31)
262 : 262.0 = (-198, -28)
263 : 263.0 = (-199, -24)
264 : 264.0 = (-199, -21)
265 : 265.0 = (-199, -17)
266 : 266.0 = (-200, -14)
267 : 267.0 = (-200, -10)
268 : 268.0 = (-200, -7)
269 : 269.0 = (-200, -3)
270 : 270.0 = (-200, 0)
271 : 271.0 = (-200, 3)
272 : 272.0 = (-200, 7)
273 : 273.0 = (-200, 10)
274 : 274.0 = (-200, 14)
275 : 275.0 = (-199, 17)
276 : 276.0 = (-199, 21)
277 : 277.0 = (-199, 24)
278 : 278.0 = (-198, 28)
279 : 279.0 = (-198, 31)
280 : 280.0 = (-197, 35)
281 : 281.0 = (-196, 38)
282 : 282.0 = (-196, 42)
283 : 283.0 = (-195, 45)
284 : 284.0 = (-194, 48)
285 : 285.0 = (-193, 52)
286 : 286.0 = (-192, 55)
287 : 287.0 = (-191, 58)
288 : 288.0 = (-190, 62)
289 : 289.0 = (-189, 65)
290 : 290.0 = (-188, 68)
291 : 291.0 = (-187, 72)
292 : 292.0 = (-185, 75)
293 : 293.0 = (-184, 78)
294 : 294.0 = (-183, 81)
295 : 295.0 = (-181, 85)
296 : 296.0 = (-180, 88)
297 : 297.0 = (-178, 91)
298 : 298.0 = (-177, 94)
299 : 299.0 = (-175, 97)
300 : 300.0 = (-173, 100)
301 : 301.0 = (-171, 103)
302 : 302.0 = (-170, 106)
303 : 303.0 = (-168, 109)
304 : 304.0 = (-166, 112)
305 : 305.0 = (-164, 115)
306 : 306.0 = (-162, 118)
307 : 307.0 = (-160, 120)
308 : 308.0 = (-158, 123)
309 : 309.0 = (-155, 126)
310 : 310.0 = (-153, 129)
311 : 311.0 = (-151, 131)
312 : 312.0 = (-149, 134)
313 : 313.0 = (-146, 136)
314 : 314.0 = (-144, 139)
315 : 315.0 = (-141, 141)
316 : 316.0 = (-139, 144)
317 : 317.0 = (-136, 146)
318 : 318.0 = (-134, 149)
319 : 319.0 = (-131, 151)
320 : 320.0 = (-129, 153)
321 : 321.0 = (-126, 155)
322 : 322.0 = (-123, 158)
323 : 323.0 = (-120, 160)
324 : 324.0 = (-118, 162)
325 : 325.0 = (-115, 164)
326 : 326.0 = (-112, 166)
327 : 327.0 = (-109, 168)
328 : 328.0 = (-106, 170)
329 : 329.0 = (-103, 171)
330 : 330.0 = (-100, 173)
331 : 331.0 = (-97, 175)
332 : 332.0 = (-94, 177)
333 : 333.0 = (-91, 178)
334 : 334.0 = (-88, 180)
335 : 335.0 = (-85, 181)
336 : 336.0 = (-81, 183)
337 : 337.0 = (-78, 184)
338 : 338.0 = (-75, 185)
339 : 339.0 = (-72, 187)
340 : 340.0 = (-68, 188)
341 : 341.0 = (-65, 189)
342 : 342.0 = (-62, 190)
343 : 343.0 = (-58, 191)
344 : 344.0 = (-55, 192)
345 : 345.0 = (-52, 193)
346 : 346.0 = (-48, 194)
347 : 347.0 = (-45, 195)
348 : 348.0 = (-42, 196)
349 : 349.0 = (-38, 196)
350 : 350.0 = (-35, 197)
351 : 351.0 = (-31, 198)
352 : 352.0 = (-28, 198)
353 : 353.0 = (-24, 199)
354 : 354.0 = (-21, 199)
355 : 355.0 = (-17, 199)
356 : 356.0 = (-14, 200)
357 : 357.0 = (-10, 200)
358 : 358.0 = (-7, 200)
359 : 359.0 = (-3, 200)
360 : 360.0 = (0, 200)
