938244914.347	Requested: 20026, reader
938244914.356	Aquired: 20026
938244914.397	Released: 20026
938244920.801	Requested: 20030, reader
938244920.803	Aquired: 20030
938244920.842	Released: 20030
938244926.419	Requested: 20032, reader
938244926.42	Aquired: 20032
938244926.743	Released: 20032
938245187.673	Requested: 20054, writer
938245187.675	Aquired: 20054
938245187.72	Released: 20054
938245202.171	Requested: 20061, reader
938245202.174	Aquired: 20061
938245202.226	Released: 20061
938245219.317	Requested: 20072, reader
938245219.319	Aquired: 20072
938245219.363	Released: 20072
938245226.712	Requested: 20073, reader
938245226.714	Aquired: 20073
938245226.755	Released: 20073
938245231.163	Requested: 20074, reader
938245231.164	Aquired: 20074
938245231.203	Released: 20074
938245244.096	Requested: 20075, reader
938245244.097	Aquired: 20075
938245244.138	Released: 20075
938245247.286	Requested: 20076, reader
938245247.288	Aquired: 20076
938245247.327	Released: 20076
938245815.249	Requested: 20131, writer
938245815.251	Aquired: 20131
938245815.297	Released: 20131
938245828.709	Requested: 20132, reader
938245828.711	Aquired: 20132
938245828.758	Released: 20132
938245849.174	Requested: 20133, reader
938245849.176	Aquired: 20133
938245849.225	Released: 20133
938245851.841	Requested: 20134, reader
938245851.843	Aquired: 20134
938245851.888	Released: 20134
938245918.674	Requested: 20140, reader
938245918.676	Aquired: 20140
938245918.878	Released: 20140
938246332.875	Requested: 20257, reader
938246332.877	Aquired: 20257
938246332.923	Released: 20257
