938244808.32	Requested: 19964, writer
938244808.324	Aquired: 19964
938244808.491	Released: 19964
938244852.969	Requested: 19992, reader
938244852.971	Aquired: 19992
938244853.044	Released: 19992
938244872.15	Requested: 20002, reader
938244872.152	Aquired: 20002
938244872.198	Released: 20002
938244881.611	Requested: 20006, reader
938244881.613	Aquired: 20006
938244881.657	Released: 20006
938244885.333	Requested: 20009, reader
938244885.335	Aquired: 20009
938244885.471	Released: 20009
938245136.341	Requested: 20046, writer
938245136.343	Aquired: 20046
938245136.387	Released: 20046
938245265.125	Requested: 20077, reader
938245265.127	Aquired: 20077
938245265.178	Released: 20077
938245307.631	Requested: 20078, reader
938245307.633	Aquired: 20078
938245307.684	Released: 20078
938245318.216	Requested: 20079, reader
938245318.218	Aquired: 20079
938245318.27	Released: 20079
938245320.776	Requested: 20080, reader
938245320.857	Aquired: 20080
938245320.928	Released: 20080
938245325.624	Requested: 20086, reader
938245325.626	Aquired: 20086
938245325.73	Released: 20086
938245335.938	Requested: 20087, reader
938245335.94	Aquired: 20087
938245336.137	Released: 20087
938245339.192	Requested: 20088, reader
938245339.195	Aquired: 20088
938245339.293	Released: 20088
938245349.801	Requested: 20089, reader
938245349.803	Aquired: 20089
938245350.068	Released: 20089
938245352.792	Requested: 20090, reader
938245352.794	Aquired: 20090
938245353.047	Released: 20090
938245361.899	Requested: 20093, reader
938245361.901	Aquired: 20093
938245361.954	Released: 20093
938245380.639	Requested: 20094, reader
938245380.641	Aquired: 20094
938245380.695	Released: 20094
938245383.842	Requested: 20095, reader
938245383.843	Aquired: 20095
938245383.897	Released: 20095
938245389.313	Requested: 20096, reader
938245389.315	Aquired: 20096
938245389.367	Released: 20096
938245404.002	Requested: 20097, reader
938245404.004	Aquired: 20097
938245404.058	Released: 20097
938245409.014	Requested: 20098, reader
938245409.016	Aquired: 20098
938245409.077	Released: 20098
938245411.354	Requested: 20099, reader
938245411.356	Aquired: 20099
938245411.409	Released: 20099
938245762.471	Requested: 20124, reader
938245762.473	Aquired: 20124
938245762.526	Released: 20124
938245868.821	Requested: 20135, reader
938245868.823	Aquired: 20135
938245868.876	Released: 20135
938245872.37	Requested: 20136, reader
938245872.372	Aquired: 20136
938245872.425	Released: 20136
938246291.207	Requested: 20252, reader
938246291.209	Aquired: 20252
938246291.262	Released: 20252
